1702005310.768140 client started (61554): version 3.2a, socket /tmp/tmux-1000/default, protocol 8
1702005310.768213 on Linux 5.19.0-46-generic #47~22.04.1-Ubuntu SMP PREEMPT_DYNAMIC Wed Jun 21 15:35:31 UTC 2
1702005310.768238 using libevent 2.1.12-stable (poll); ncurses 6.3
1702005310.768273 flags are 0x18010000
1702005310.768285 socket is /tmp/tmux-1000/default
1702005310.768320 trying connect
1702005310.768474 add peer 0x560b45f85fa0: 6 ((nil))
1702005310.769204 sending message 100 to peer 0x560b45f85fa0 (4 bytes)
1702005310.769218 sending message 111 to peer 0x560b45f85fa0 (8 bytes)
1702005310.769223 sending message 101 to peer 0x560b45f85fa0 (15 bytes)
1702005310.769228 sending message 109 to peer 0x560b45f85fa0 (4 bytes)
1702005310.769233 sending message 102 to peer 0x560b45f85fa0 (12 bytes)
1702005310.769238 sending message 108 to peer 0x560b45f85fa0 (29 bytes)
1702005310.769242 sending message 112 to peer 0x560b45f85fa0 (58 bytes)
1702005310.769247 sending message 112 to peer 0x560b45f85fa0 (5 bytes)
1702005310.769252 sending message 112 to peer 0x560b45f85fa0 (5 bytes)
1702005310.769256 sending message 112 to peer 0x560b45f85fa0 (6 bytes)
1702005310.769262 sending message 112 to peer 0x560b45f85fa0 (6 bytes)
1702005310.769270 sending message 112 to peer 0x560b45f85fa0 (11 bytes)
1702005310.769277 sending message 112 to peer 0x560b45f85fa0 (10 bytes)
1702005310.769281 sending message 112 to peer 0x560b45f85fa0 (13 bytes)
1702005310.769285 sending message 112 to peer 0x560b45f85fa0 (14 bytes)
1702005310.769289 sending message 112 to peer 0x560b45f85fa0 (19 bytes)
1702005310.769294 sending message 112 to peer 0x560b45f85fa0 (11 bytes)
1702005310.769298 sending message 112 to peer 0x560b45f85fa0 (10 bytes)
1702005310.769302 sending message 112 to peer 0x560b45f85fa0 (15 bytes)
1702005310.769306 sending message 112 to peer 0x560b45f85fa0 (21 bytes)
1702005310.769311 sending message 112 to peer 0x560b45f85fa0 (13 bytes)
1702005310.769315 sending message 112 to peer 0x560b45f85fa0 (7 bytes)
1702005310.769320 sending message 112 to peer 0x560b45f85fa0 (13 bytes)
1702005310.769325 sending message 112 to peer 0x560b45f85fa0 (7 bytes)
1702005310.769329 sending message 112 to peer 0x560b45f85fa0 (13 bytes)
1702005310.769333 sending message 112 to peer 0x560b45f85fa0 (9 bytes)
1702005310.769338 sending message 112 to peer 0x560b45f85fa0 (21 bytes)
1702005310.769342 sending message 112 to peer 0x560b45f85fa0 (13 bytes)
1702005310.769347 sending message 112 to peer 0x560b45f85fa0 (9 bytes)
1702005310.769351 sending message 112 to peer 0x560b45f85fa0 (16 bytes)
1702005310.769355 sending message 112 to peer 0x560b45f85fa0 (13 bytes)
1702005310.769360 sending message 112 to peer 0x560b45f85fa0 (9 bytes)
1702005310.769364 sending message 112 to peer 0x560b45f85fa0 (9 bytes)
1702005310.769368 sending message 112 to peer 0x560b45f85fa0 (12 bytes)
1702005310.769373 sending message 112 to peer 0x560b45f85fa0 (8 bytes)
1702005310.769377 sending message 112 to peer 0x560b45f85fa0 (8 bytes)
1702005310.769381 sending message 112 to peer 0x560b45f85fa0 (13 bytes)
1702005310.769386 sending message 112 to peer 0x560b45f85fa0 (7 bytes)
1702005310.769390 sending message 112 to peer 0x560b45f85fa0 (7 bytes)
1702005310.769394 sending message 112 to peer 0x560b45f85fa0 (9 bytes)
1702005310.769399 sending message 112 to peer 0x560b45f85fa0 (9 bytes)
1702005310.769403 sending message 112 to peer 0x560b45f85fa0 (15 bytes)
1702005310.769407 sending message 112 to peer 0x560b45f85fa0 (13 bytes)
1702005310.769412 sending message 112 to peer 0x560b45f85fa0 (12 bytes)
1702005310.769416 sending message 112 to peer 0x560b45f85fa0 (8 bytes)
1702005310.769421 sending message 112 to peer 0x560b45f85fa0 (14 bytes)
1702005310.769426 sending message 112 to peer 0x560b45f85fa0 (11 bytes)
1702005310.769430 sending message 112 to peer 0x560b45f85fa0 (9 bytes)
1702005310.769434 sending message 112 to peer 0x560b45f85fa0 (10 bytes)
1702005310.769439 sending message 112 to peer 0x560b45f85fa0 (10 bytes)
1702005310.769443 sending message 112 to peer 0x560b45f85fa0 (10 bytes)
1702005310.769458 sending message 112 to peer 0x560b45f85fa0 (10 bytes)
1702005310.769463 sending message 112 to peer 0x560b45f85fa0 (11 bytes)
1702005310.769468 sending message 112 to peer 0x560b45f85fa0 (12 bytes)
1702005310.769472 sending message 112 to peer 0x560b45f85fa0 (12 bytes)
1702005310.769476 sending message 112 to peer 0x560b45f85fa0 (12 bytes)
1702005310.769480 sending message 112 to peer 0x560b45f85fa0 (12 bytes)
1702005310.769484 sending message 112 to peer 0x560b45f85fa0 (12 bytes)
1702005310.769489 sending message 112 to peer 0x560b45f85fa0 (11 bytes)
1702005310.769493 sending message 112 to peer 0x560b45f85fa0 (11 bytes)
1702005310.769498 sending message 112 to peer 0x560b45f85fa0 (12 bytes)
1702005310.769502 sending message 112 to peer 0x560b45f85fa0 (12 bytes)
1702005310.769507 sending message 112 to peer 0x560b45f85fa0 (12 bytes)
1702005310.769511 sending message 112 to peer 0x560b45f85fa0 (12 bytes)
1702005310.769515 sending message 112 to peer 0x560b45f85fa0 (12 bytes)
1702005310.769519 sending message 112 to peer 0x560b45f85fa0 (9 bytes)
1702005310.769523 sending message 112 to peer 0x560b45f85fa0 (12 bytes)
1702005310.769528 sending message 112 to peer 0x560b45f85fa0 (13 bytes)
1702005310.769532 sending message 112 to peer 0x560b45f85fa0 (13 bytes)
1702005310.769537 sending message 112 to peer 0x560b45f85fa0 (13 bytes)
1702005310.769541 sending message 112 to peer 0x560b45f85fa0 (13 bytes)
1702005310.769546 sending message 112 to peer 0x560b45f85fa0 (13 bytes)
1702005310.769550 sending message 112 to peer 0x560b45f85fa0 (8 bytes)
1702005310.769554 sending message 112 to peer 0x560b45f85fa0 (11 bytes)
1702005310.769558 sending message 112 to peer 0x560b45f85fa0 (11 bytes)
1702005310.769563 sending message 112 to peer 0x560b45f85fa0 (11 bytes)
1702005310.769567 sending message 112 to peer 0x560b45f85fa0 (12 bytes)
1702005310.769571 sending message 112 to peer 0x560b45f85fa0 (12 bytes)
1702005310.769576 sending message 112 to peer 0x560b45f85fa0 (12 bytes)
1702005310.769580 sending message 112 to peer 0x560b45f85fa0 (12 bytes)
1702005310.769584 sending message 112 to peer 0x560b45f85fa0 (13 bytes)
1702005310.769589 sending message 112 to peer 0x560b45f85fa0 (13 bytes)
1702005310.769593 sending message 112 to peer 0x560b45f85fa0 (13 bytes)
1702005310.769597 sending message 112 to peer 0x560b45f85fa0 (8 bytes)
1702005310.769602 sending message 112 to peer 0x560b45f85fa0 (13 bytes)
1702005310.769606 sending message 112 to peer 0x560b45f85fa0 (13 bytes)
1702005310.769610 sending message 112 to peer 0x560b45f85fa0 (13 bytes)
1702005310.769615 sending message 112 to peer 0x560b45f85fa0 (13 bytes)
1702005310.769619 sending message 112 to peer 0x560b45f85fa0 (13 bytes)
1702005310.769623 sending message 112 to peer 0x560b45f85fa0 (12 bytes)
1702005310.769627 sending message 112 to peer 0x560b45f85fa0 (12 bytes)
1702005310.769632 sending message 112 to peer 0x560b45f85fa0 (12 bytes)
1702005310.769636 sending message 112 to peer 0x560b45f85fa0 (12 bytes)
1702005310.769641 sending message 112 to peer 0x560b45f85fa0 (13 bytes)
1702005310.769645 sending message 112 to peer 0x560b45f85fa0 (8 bytes)
1702005310.769649 sending message 112 to peer 0x560b45f85fa0 (13 bytes)
1702005310.769654 sending message 112 to peer 0x560b45f85fa0 (13 bytes)
1702005310.769658 sending message 112 to peer 0x560b45f85fa0 (13 bytes)
1702005310.769662 sending message 112 to peer 0x560b45f85fa0 (13 bytes)
1702005310.769666 sending message 112 to peer 0x560b45f85fa0 (13 bytes)
1702005310.769671 sending message 112 to peer 0x560b45f85fa0 (13 bytes)
1702005310.769678 sending message 112 to peer 0x560b45f85fa0 (13 bytes)
1702005310.769686 sending message 112 to peer 0x560b45f85fa0 (12 bytes)
1702005310.769693 sending message 112 to peer 0x560b45f85fa0 (12 bytes)
1702005310.769697 sending message 112 to peer 0x560b45f85fa0 (12 bytes)
1702005310.769702 sending message 112 to peer 0x560b45f85fa0 (8 bytes)
1702005310.769709 sending message 112 to peer 0x560b45f85fa0 (12 bytes)
1702005310.769716 sending message 112 to peer 0x560b45f85fa0 (13 bytes)
1702005310.769727 sending message 112 to peer 0x560b45f85fa0 (13 bytes)
1702005310.769732 sending message 112 to peer 0x560b45f85fa0 (13 bytes)
1702005310.769736 sending message 112 to peer 0x560b45f85fa0 (13 bytes)
1702005310.769740 sending message 112 to peer 0x560b45f85fa0 (13 bytes)
1702005310.769744 sending message 112 to peer 0x560b45f85fa0 (13 bytes)
1702005310.769749 sending message 112 to peer 0x560b45f85fa0 (13 bytes)
1702005310.769753 sending message 112 to peer 0x560b45f85fa0 (13 bytes)
1702005310.769757 sending message 112 to peer 0x560b45f85fa0 (12 bytes)
1702005310.769761 sending message 112 to peer 0x560b45f85fa0 (10 bytes)
1702005310.769766 sending message 112 to peer 0x560b45f85fa0 (12 bytes)
1702005310.769770 sending message 112 to peer 0x560b45f85fa0 (12 bytes)
1702005310.769775 sending message 112 to peer 0x560b45f85fa0 (12 bytes)
1702005310.769779 sending message 112 to peer 0x560b45f85fa0 (13 bytes)
1702005310.769783 sending message 112 to peer 0x560b45f85fa0 (13 bytes)
1702005310.769787 sending message 112 to peer 0x560b45f85fa0 (13 bytes)
1702005310.769791 sending message 112 to peer 0x560b45f85fa0 (13 bytes)
1702005310.769796 sending message 112 to peer 0x560b45f85fa0 (13 bytes)
1702005310.769800 sending message 112 to peer 0x560b45f85fa0 (13 bytes)
1702005310.769804 sending message 112 to peer 0x560b45f85fa0 (13 bytes)
1702005310.769809 sending message 112 to peer 0x560b45f85fa0 (10 bytes)
1702005310.769813 sending message 112 to peer 0x560b45f85fa0 (13 bytes)
1702005310.769817 sending message 112 to peer 0x560b45f85fa0 (12 bytes)
1702005310.769822 sending message 112 to peer 0x560b45f85fa0 (12 bytes)
1702005310.769826 sending message 112 to peer 0x560b45f85fa0 (12 bytes)
1702005310.769830 sending message 112 to peer 0x560b45f85fa0 (10 bytes)
1702005310.769834 sending message 112 to peer 0x560b45f85fa0 (10 bytes)
1702005310.769839 sending message 112 to peer 0x560b45f85fa0 (10 bytes)
1702005310.769843 sending message 112 to peer 0x560b45f85fa0 (12 bytes)
1702005310.769847 sending message 112 to peer 0x560b45f85fa0 (13 bytes)
1702005310.769852 sending message 112 to peer 0x560b45f85fa0 (13 bytes)
1702005310.769856 sending message 112 to peer 0x560b45f85fa0 (13 bytes)
1702005310.769860 sending message 112 to peer 0x560b45f85fa0 (13 bytes)
1702005310.769865 sending message 112 to peer 0x560b45f85fa0 (13 bytes)
1702005310.769869 sending message 112 to peer 0x560b45f85fa0 (10 bytes)
1702005310.769875 sending message 112 to peer 0x560b45f85fa0 (11 bytes)
1702005310.769883 sending message 112 to peer 0x560b45f85fa0 (12 bytes)
1702005310.769888 sending message 112 to peer 0x560b45f85fa0 (12 bytes)
1702005310.769892 sending message 112 to peer 0x560b45f85fa0 (12 bytes)
1702005310.769897 sending message 112 to peer 0x560b45f85fa0 (12 bytes)
1702005310.769901 sending message 112 to peer 0x560b45f85fa0 (12 bytes)
1702005310.769906 sending message 112 to peer 0x560b45f85fa0 (11 bytes)
1702005310.769910 sending message 112 to peer 0x560b45f85fa0 (12 bytes)
1702005310.769914 sending message 112 to peer 0x560b45f85fa0 (12 bytes)
1702005310.769919 sending message 112 to peer 0x560b45f85fa0 (13 bytes)
1702005310.769923 sending message 112 to peer 0x560b45f85fa0 (13 bytes)
1702005310.769927 sending message 112 to peer 0x560b45f85fa0 (13 bytes)
1702005310.769932 sending message 112 to peer 0x560b45f85fa0 (13 bytes)
1702005310.769936 sending message 112 to peer 0x560b45f85fa0 (13 bytes)
1702005310.769940 sending message 112 to peer 0x560b45f85fa0 (10 bytes)
1702005310.769947 sending message 112 to peer 0x560b45f85fa0 (9 bytes)
1702005310.769954 sending message 112 to peer 0x560b45f85fa0 (12 bytes)
1702005310.769960 sending message 112 to peer 0x560b45f85fa0 (13 bytes)
1702005310.769964 sending message 112 to peer 0x560b45f85fa0 (13 bytes)
1702005310.769979 sending message 112 to peer 0x560b45f85fa0 (13 bytes)
1702005310.769987 sending message 112 to peer 0x560b45f85fa0 (13 bytes)
1702005310.769991 sending message 112 to peer 0x560b45f85fa0 (13 bytes)
1702005310.769996 sending message 112 to peer 0x560b45f85fa0 (9 bytes)
1702005310.770011 sending message 112 to peer 0x560b45f85fa0 (12 bytes)
1702005310.770016 sending message 112 to peer 0x560b45f85fa0 (13 bytes)
1702005310.770020 sending message 112 to peer 0x560b45f85fa0 (13 bytes)
1702005310.770025 sending message 112 to peer 0x560b45f85fa0 (13 bytes)
1702005310.770029 sending message 112 to peer 0x560b45f85fa0 (13 bytes)
1702005310.770033 sending message 112 to peer 0x560b45f85fa0 (13 bytes)
1702005310.770037 sending message 112 to peer 0x560b45f85fa0 (11 bytes)
1702005310.770044 sending message 112 to peer 0x560b45f85fa0 (12 bytes)
1702005310.770051 sending message 112 to peer 0x560b45f85fa0 (13 bytes)
1702005310.770056 sending message 112 to peer 0x560b45f85fa0 (13 bytes)
1702005310.770060 sending message 112 to peer 0x560b45f85fa0 (13 bytes)
1702005310.770065 sending message 112 to peer 0x560b45f85fa0 (13 bytes)
1702005310.770069 sending message 112 to peer 0x560b45f85fa0 (13 bytes)
1702005310.770102 sending message 112 to peer 0x560b45f85fa0 (11 bytes)
1702005310.770108 sending message 112 to peer 0x560b45f85fa0 (12 bytes)
1702005310.770112 sending message 112 to peer 0x560b45f85fa0 (12 bytes)
1702005310.770116 sending message 112 to peer 0x560b45f85fa0 (12 bytes)
1702005310.770120 sending message 112 to peer 0x560b45f85fa0 (12 bytes)
1702005310.770124 sending message 112 to peer 0x560b45f85fa0 (12 bytes)
1702005310.770131 sending message 112 to peer 0x560b45f85fa0 (21 bytes)
1702005310.770138 sending message 112 to peer 0x560b45f85fa0 (12 bytes)
1702005310.770142 sending message 112 to peer 0x560b45f85fa0 (9 bytes)
1702005310.770147 sending message 112 to peer 0x560b45f85fa0 (6 bytes)
1702005310.770151 sending message 112 to peer 0x560b45f85fa0 (13 bytes)
1702005310.770155 sending message 112 to peer 0x560b45f85fa0 (10 bytes)
1702005310.770159 sending message 112 to peer 0x560b45f85fa0 (24 bytes)
1702005310.770163 sending message 112 to peer 0x560b45f85fa0 (13 bytes)
1702005310.770169 sending message 112 to peer 0x560b45f85fa0 (9 bytes)
1702005310.770176 sending message 112 to peer 0x560b45f85fa0 (70 bytes)
1702005310.770181 sending message 112 to peer 0x560b45f85fa0 (69 bytes)
1702005310.770185 sending message 112 to peer 0x560b45f85fa0 (12 bytes)
1702005310.770189 sending message 112 to peer 0x560b45f85fa0 (10 bytes)
1702005310.770193 sending message 112 to peer 0x560b45f85fa0 (10 bytes)
1702005310.770198 sending message 112 to peer 0x560b45f85fa0 (24 bytes)
1702005310.770205 sending message 112 to peer 0x560b45f85fa0 (13 bytes)
1702005310.770210 sending message 112 to peer 0x560b45f85fa0 (10 bytes)
1702005310.770215 sending message 112 to peer 0x560b45f85fa0 (10 bytes)
1702005310.770219 sending message 112 to peer 0x560b45f85fa0 (10 bytes)
1702005310.770223 sending message 112 to peer 0x560b45f85fa0 (13 bytes)
1702005310.770228 sending message 112 to peer 0x560b45f85fa0 (15 bytes)
1702005310.770232 sending message 112 to peer 0x560b45f85fa0 (5 bytes)
1702005310.770236 sending message 104 to peer 0x560b45f85fa0 (0 bytes)
1702005310.770241 sending message 110 to peer 0x560b45f85fa0 (0 bytes)
1702005310.770246 sending message 107 to peer 0x560b45f85fa0 (4 bytes)
1702005310.770250 sending message 105 to peer 0x560b45f85fa0 (22 bytes)
1702005310.770258 sending message 105 to peer 0x560b45f85fa0 (41 bytes)
1702005310.770263 sending message 105 to peer 0x560b45f85fa0 (96 bytes)
1702005310.770267 sending message 105 to peer 0x560b45f85fa0 (86 bytes)
1702005310.770272 sending message 105 to peer 0x560b45f85fa0 (17 bytes)
1702005310.770276 sending message 105 to peer 0x560b45f85fa0 (33 bytes)
1702005310.770280 sending message 105 to peer 0x560b45f85fa0 (26 bytes)
1702005310.770284 sending message 105 to peer 0x560b45f85fa0 (18 bytes)
1702005310.770288 sending message 105 to peer 0x560b45f85fa0 (23 bytes)
1702005310.770294 sending message 105 to peer 0x560b45f85fa0 (10 bytes)
1702005310.770301 sending message 105 to peer 0x560b45f85fa0 (23 bytes)
1702005310.770305 sending message 105 to peer 0x560b45f85fa0 (36 bytes)
1702005310.770309 sending message 105 to peer 0x560b45f85fa0 (16 bytes)
1702005310.770320 sending message 105 to peer 0x560b45f85fa0 (54 bytes)
1702005310.770324 sending message 105 to peer 0x560b45f85fa0 (33 bytes)
1702005310.770328 sending message 105 to peer 0x560b45f85fa0 (28 bytes)
1702005310.770335 sending message 105 to peer 0x560b45f85fa0 (16 bytes)
1702005310.770342 sending message 105 to peer 0x560b45f85fa0 (17 bytes)
1702005310.770347 sending message 105 to peer 0x560b45f85fa0 (27 bytes)
1702005310.770351 sending message 105 to peer 0x560b45f85fa0 (19 bytes)
1702005310.770355 sending message 105 to peer 0x560b45f85fa0 (44 bytes)
1702005310.770359 sending message 105 to peer 0x560b45f85fa0 (23 bytes)
1702005310.770363 sending message 105 to peer 0x560b45f85fa0 (13 bytes)
1702005310.770367 sending message 105 to peer 0x560b45f85fa0 (30 bytes)
1702005310.770371 sending message 105 to peer 0x560b45f85fa0 (32 bytes)
1702005310.770375 sending message 105 to peer 0x560b45f85fa0 (136 bytes)
1702005310.770380 sending message 105 to peer 0x560b45f85fa0 (20 bytes)
1702005310.770386 sending message 105 to peer 0x560b45f85fa0 (19 bytes)
1702005310.770393 sending message 105 to peer 0x560b45f85fa0 (25 bytes)
1702005310.770397 sending message 105 to peer 0x560b45f85fa0 (31 bytes)
1702005310.770401 sending message 105 to peer 0x560b45f85fa0 (67 bytes)
1702005310.770405 sending message 105 to peer 0x560b45f85fa0 (14 bytes)
1702005310.770410 sending message 105 to peer 0x560b45f85fa0 (20 bytes)
1702005310.770414 sending message 105 to peer 0x560b45f85fa0 (54 bytes)
1702005310.770419 sending message 105 to peer 0x560b45f85fa0 (33 bytes)
1702005310.770425 sending message 105 to peer 0x560b45f85fa0 (23 bytes)
1702005310.770431 sending message 105 to peer 0x560b45f85fa0 (20 bytes)
1702005310.770436 sending message 105 to peer 0x560b45f85fa0 (18 bytes)
1702005310.770440 sending message 105 to peer 0x560b45f85fa0 (11 bytes)
1702005310.770444 sending message 105 to peer 0x560b45f85fa0 (8 bytes)
1702005310.770448 sending message 105 to peer 0x560b45f85fa0 (26 bytes)
1702005310.770453 sending message 105 to peer 0x560b45f85fa0 (11 bytes)
1702005310.770457 sending message 105 to peer 0x560b45f85fa0 (8 bytes)
1702005310.770462 sending message 105 to peer 0x560b45f85fa0 (32 bytes)
1702005310.770467 sending message 105 to peer 0x560b45f85fa0 (1519 bytes)
1702005310.770479 sending message 105 to peer 0x560b45f85fa0 (11 bytes)
1702005310.770486 sending message 106 to peer 0x560b45f85fa0 (0 bytes)
1702005310.770497 sending message 200 to peer 0x560b45f85fa0 (4 bytes)
1702005310.770501 client loop enter
1702005310.773303 peer 0x560b45f85fa0 message 207
1702005310.773334 sending message 208 to peer 0x560b45f85fa0 (0 bytes)
1702005312.848684 peer 0x560b45f85fa0 message 203
1702005312.848746 sending message 205 to peer 0x560b45f85fa0 (0 bytes)
1702005312.849503 peer 0x560b45f85fa0 message 204
1702005312.849557 client loop exit
